<?xml version="1.0" encoding="UTF-8"?>
<!-- Generated by org.testng.reporters.JUnitXMLReporter -->
<testsuite ignored="2" hostname="DESKTOP-VFA3M3H" failures="0" tests="7" name="Test" time="0.067" errors="0" timestamp="2024-03-11T00:34:29 IST">
  <testcase classname="Test.TestNG" name="ADemo1" time="0.007"/>
  <testcase classname="Test.TestNG" name="CDemo3" time="0.001"/>
  <testcase classname="Test.TestNG2" name="Demo" time="0.003"/>
  <testcase classname="Test.TestNG2" name="EDemo" time="0.001"/>
  <testcase classname="Test.TestNG2" name="AA" time="0.002"/>
  <testcase classname="Test.TestNG2" name="AA2" time="0.001"/>
  <testcase classname="Test.TestNG3" name="Demo" time="0.002"/>
  <testcase classname="Test.TestNG2" name="Execution1" time="0.0">
    <ignored/>
  </testcase> <!-- Execution1 -->
  <testcase classname="Test.TestNG" name="LLDemo" time="0.0">
    <ignored/>
  </testcase> <!-- LLDemo -->
</testsuite> <!-- Test -->
