<?xml version="1.0" encoding="UTF-8"?>
<testng-results ignored="0" total="5" passed="4" failed="1" skipped="0">
  <reporter-output>
  </reporter-output>
  <suite started-at="2024-03-28T12:30:00 IST" name="Suite" finished-at="2024-03-28T12:31:14 IST" duration-ms="74900">
    <groups>
      <group name="Purchase">
        <method signature="SubmitOrderTest.SubmitOrder(java.util.HashMap)[pri:0, instance:RSA_Training.Tests.SubmitOrderTest@44ebcd03]" name="SubmitOrder" class="RSA_Training.Tests.SubmitOrderTest"/>
      </group> <!-- Purchase -->
    </groups>
    <test started-at="2024-03-28T12:30:00 IST" name="SubmitOrderTest" finished-at="2024-03-28T12:30:52 IST" duration-ms="52237">
      <class name="RSA_Training.Tests.SubmitOrderTest">
        <test-method is-config="true" signature="launchApplication()[pri:0, instance:RSA_Training.Tests.SubmitOrderTest@44ebcd03]" started-at="2024-03-28T12:30:00 IST" name="launchApplication" finished-at="2024-03-28T12:30:10 IST" duration-ms="9626" status="PASS">
          <reporter-output>
          </reporter-output>
        </test-method> <!-- launchApplication -->
        <test-method signature="SubmitOrder(java.util.HashMap)[pri:0, instance:RSA_Training.Tests.SubmitOrderTest@44ebcd03]" started-at="2024-03-28T12:30:10 IST" name="SubmitOrder" data-provider="getData" finished-at="2024-03-28T12:30:14 IST" duration-ms="4817" status="PASS">
          <params>
            <param index="0">
              <value>
                <![CDATA[{password=Omkarpawar@1, product=ZARA COAT 3, email=omkarpawar@gmail.com}]]>
              </value>
            </param>
          </params>
          <reporter-output>
          </reporter-output>
        </test-method> <!-- SubmitOrder -->
        <test-method is-config="true" signature="launchApplication()[pri:0, instance:RSA_Training.Tests.SubmitOrderTest@44ebcd03]" started-at="2024-03-28T12:30:14 IST" name="launchApplication" finished-at="2024-03-28T12:30:27 IST" duration-ms="12853" status="PASS">
          <reporter-output>
          </reporter-output>
        </test-method> <!-- launchApplication -->
        <test-method is-config="true" signature="Teardown()[pri:0, instance:RSA_Training.Tests.SubmitOrderTest@44ebcd03]" started-at="2024-03-28T12:30:14 IST" name="Teardown" finished-at="2024-03-28T12:30:14 IST" duration-ms="0" status="PASS">
          <reporter-output>
          </reporter-output>
        </test-method> <!-- Teardown -->
        <test-method signature="SubmitOrder(java.util.HashMap)[pri:0, instance:RSA_Training.Tests.SubmitOrderTest@44ebcd03]" started-at="2024-03-28T12:30:27 IST" name="SubmitOrder" data-provider="getData" finished-at="2024-03-28T12:30:32 IST" duration-ms="4918" status="PASS">
          <params>
            <param index="0">
              <value>
                <![CDATA[{password=Supriyapawar@1, product=ADIDAS ORIGINAL, email=Supriyapawar@gmail.com}]]>
              </value>
            </param>
          </params>
          <reporter-output>
          </reporter-output>
        </test-method> <!-- SubmitOrder -->
        <test-method is-config="true" signature="launchApplication()[pri:0, instance:RSA_Training.Tests.SubmitOrderTest@44ebcd03]" started-at="2024-03-28T12:30:32 IST" name="launchApplication" finished-at="2024-03-28T12:30:40 IST" duration-ms="8164" status="PASS">
          <reporter-output>
          </reporter-output>
        </test-method> <!-- launchApplication -->
        <test-method is-config="true" signature="Teardown()[pri:0, instance:RSA_Training.Tests.SubmitOrderTest@44ebcd03]" started-at="2024-03-28T12:30:32 IST" name="Teardown" finished-at="2024-03-28T12:30:32 IST" duration-ms="0" status="PASS">
          <reporter-output>
          </reporter-output>
        </test-method> <!-- Teardown -->
        <test-method signature="VerifyProduct()[pri:0, instance:RSA_Training.Tests.SubmitOrderTest@44ebcd03]" started-at="2024-03-28T12:30:40 IST" name="VerifyProduct" finished-at="2024-03-28T12:30:52 IST" duration-ms="11378" status="FAIL">
          <exception class="org.openqa.selenium.NoSuchElementException">
            <message>
              <![CDATA[Unable to locate element: //tbody/tr/th[2]
For documentation on this error, please visit: https://www.selenium.dev/documentation/webdriver/troubleshooting/errors#no-such-element-exception
Build info: version: '4.18.1', revision: 'b1d3319b48'
System info: os.name: 'Windows 11', os.arch: 'amd64', os.version: '10.0', java.version: '20.0.2'
Driver info: org.openqa.selenium.firefox.FirefoxDriver
Command: [51850888-65cc-46f7-8858-e059b22dac89, findElement {value=//tbody/tr/th[2], using=xpath}]
Capabilities {acceptInsecureCerts: true, browserName: firefox, browserVersion: 124.0.1, moz:accessibilityChecks: false, moz:buildID: 20240321230221, moz:debuggerAddress: 127.0.0.1:24973, moz:geckodriverVersion: 0.34.0, moz:headless: false, moz:platformVersion: 10.0, moz:processID: 15512, moz:profile: C:\Users\Omkar\AppData\Loca..., moz:shutdownTimeout: 60000, moz:webdriverClick: true, moz:windowless: false, pageLoadStrategy: normal, platformName: windows, proxy: Proxy(), se:cdp: ws://127.0.0.1:24973/devtoo..., se:cdpVersion: 85.0, setWindowRect: true, strictFileInteractability: false, timeouts: {implicit: 0, pageLoad: 300000, script: 30000}, unhandledPromptBehavior: dismiss and notify}
Session ID: 51850888-65cc-46f7-8858-e059b22dac89]]>
            </message>
            <full-stacktrace>
              <![CDATA[org.openqa.selenium.NoSuchElementException: Unable to locate element: //tbody/tr/th[2]
For documentation on this error, please visit: https://www.selenium.dev/documentation/webdriver/troubleshooting/errors#no-such-element-exception
Build info: version: '4.18.1', revision: 'b1d3319b48'
System info: os.name: 'Windows 11', os.arch: 'amd64', os.version: '10.0', java.version: '20.0.2'
Driver info: org.openqa.selenium.firefox.FirefoxDriver
Command: [51850888-65cc-46f7-8858-e059b22dac89, findElement {value=//tbody/tr/th[2], using=xpath}]
Capabilities {acceptInsecureCerts: true, browserName: firefox, browserVersion: 124.0.1, moz:accessibilityChecks: false, moz:buildID: 20240321230221, moz:debuggerAddress: 127.0.0.1:24973, moz:geckodriverVersion: 0.34.0, moz:headless: false, moz:platformVersion: 10.0, moz:processID: 15512, moz:profile: C:\Users\Omkar\AppData\Loca..., moz:shutdownTimeout: 60000, moz:webdriverClick: true, moz:windowless: false, pageLoadStrategy: normal, platformName: windows, proxy: Proxy(), se:cdp: ws://127.0.0.1:24973/devtoo..., se:cdpVersion: 85.0, setWindowRect: true, strictFileInteractability: false, timeouts: {implicit: 0, pageLoad: 300000, script: 30000}, unhandledPromptBehavior: dismiss and notify}
Session ID: 51850888-65cc-46f7-8858-e059b22dac89
at java.base/jdk.internal.reflect.DirectConstructorHandleAccessor.newInstance(DirectConstructorHandleAccessor.java:67)
at java.base/java.lang.reflect.Constructor.newInstanceWithCaller(Constructor.java:500)
at java.base/java.lang.reflect.Constructor.newInstance(Constructor.java:484)
at org.openqa.selenium.remote.ErrorCodec.decode(ErrorCodec.java:167)
at org.openqa.selenium.remote.codec.w3c.W3CHttpResponseCodec.decode(W3CHttpResponseCodec.java:138)
at org.openqa.selenium.remote.codec.w3c.W3CHttpResponseCodec.decode(W3CHttpResponseCodec.java:50)
at org.openqa.selenium.remote.HttpCommandExecutor.execute(HttpCommandExecutor.java:190)
at org.openqa.selenium.remote.service.DriverCommandExecutor.invokeExecute(DriverCommandExecutor.java:216)
at org.openqa.selenium.remote.service.DriverCommandExecutor.execute(DriverCommandExecutor.java:174)
at org.openqa.selenium.remote.RemoteWebDriver.execute(RemoteWebDriver.java:519)
at org.openqa.selenium.remote.ElementLocation$ElementFinder$2.findElement(ElementLocation.java:165)
at org.openqa.selenium.remote.ElementLocation.findElement(ElementLocation.java:59)
at org.openqa.selenium.remote.RemoteWebDriver.findElement(RemoteWebDriver.java:356)
at org.openqa.selenium.remote.RemoteWebDriver.findElement(RemoteWebDriver.java:350)
at RSA.pageobjects.OrderHistoryPage.VerifyOrderDisplay(OrderHistoryPage.java:34)
at RSA_Training.Tests.SubmitOrderTest.VerifyProduct(SubmitOrderTest.java:52)
at java.base/jdk.internal.reflect.DirectMethodHandleAccessor.invoke(DirectMethodHandleAccessor.java:104)
at java.base/java.lang.reflect.Method.invoke(Method.java:578)
at org.testng.internal.invokers.MethodInvocationHelper.invokeMethod(MethodInvocationHelper.java:139)
at org.testng.internal.invokers.TestInvoker.invokeMethod(TestInvoker.java:664)
at org.testng.internal.invokers.TestInvoker.invokeTestMethod(TestInvoker.java:228)
at org.testng.internal.invokers.MethodRunner.runInSequence(MethodRunner.java:63)
at org.testng.internal.invokers.TestInvoker$MethodInvocationAgent.invoke(TestInvoker.java:961)
at org.testng.internal.invokers.TestInvoker.invokeTestMethods(TestInvoker.java:201)
at org.testng.internal.invokers.TestMethodWorker.invokeTestMethods(TestMethodWorker.java:148)
at org.testng.internal.invokers.TestMethodWorker.run(TestMethodWorker.java:128)
at java.base/java.util.ArrayList.forEach(ArrayList.java:1511)
at org.testng.TestRunner.privateRun(TestRunner.java:819)
at org.testng.TestRunner.run(TestRunner.java:619)
at org.testng.SuiteRunner.runTest(SuiteRunner.java:443)
at org.testng.SuiteRunner.runSequentially(SuiteRunner.java:437)
at org.testng.SuiteRunner.privateRun(SuiteRunner.java:397)
at org.testng.SuiteRunner.run(SuiteRunner.java:336)
at org.testng.SuiteRunnerWorker.runSuite(SuiteRunnerWorker.java:52)
at org.testng.SuiteRunnerWorker.run(SuiteRunnerWorker.java:95)
at org.testng.TestNG.runSuitesSequentially(TestNG.java:1301)
at org.testng.TestNG.runSuitesLocally(TestNG.java:1228)
at org.testng.TestNG.runSuites(TestNG.java:1134)
at org.testng.TestNG.run(TestNG.java:1101)
at org.apache.maven.surefire.testng.TestNGExecutor.run(TestNGExecutor.java:308)
at org.apache.maven.surefire.testng.TestNGXmlTestSuite.execute(TestNGXmlTestSuite.java:71)
at org.apache.maven.surefire.testng.TestNGProvider.invoke(TestNGProvider.java:113)
at org.apache.maven.surefire.booter.ForkedBooter.runSuitesInProcess(ForkedBooter.java:385)
at org.apache.maven.surefire.booter.ForkedBooter.execute(ForkedBooter.java:162)
at org.apache.maven.surefire.booter.ForkedBooter.run(ForkedBooter.java:507)
at org.apache.maven.surefire.booter.ForkedBooter.main(ForkedBooter.java:495)
]]>
            </full-stacktrace>
          </exception> <!-- org.openqa.selenium.NoSuchElementException -->
          <reporter-output>
          </reporter-output>
        </test-method> <!-- VerifyProduct -->
        <test-method is-config="true" signature="Teardown()[pri:0, instance:RSA_Training.Tests.SubmitOrderTest@44ebcd03]" started-at="2024-03-28T12:30:52 IST" name="Teardown" finished-at="2024-03-28T12:30:52 IST" duration-ms="3" status="PASS">
          <reporter-output>
          </reporter-output>
        </test-method> <!-- Teardown -->
      </class> <!-- RSA_Training.Tests.SubmitOrderTest -->
    </test> <!-- SubmitOrderTest -->
    <test started-at="2024-03-28T12:30:52 IST" name="ErrorValidationTest" finished-at="2024-03-28T12:31:14 IST" duration-ms="22453">
      <class name="RSA_Training.Tests.ErrorValidationTest">
        <test-method is-config="true" signature="launchApplication()[pri:0, instance:RSA_Training.Tests.ErrorValidationTest@4c371370]" started-at="2024-03-28T12:30:52 IST" name="launchApplication" finished-at="2024-03-28T12:31:01 IST" duration-ms="8585" status="PASS">
          <reporter-output>
          </reporter-output>
        </test-method> <!-- launchApplication -->
        <test-method signature="ErrorValidation()[pri:0, instance:RSA_Training.Tests.ErrorValidationTest@4c371370]" started-at="2024-03-28T12:31:01 IST" name="ErrorValidation" finished-at="2024-03-28T12:31:01 IST" duration-ms="631" status="PASS">
          <reporter-output>
          </reporter-output>
        </test-method> <!-- ErrorValidation -->
        <test-method is-config="true" signature="Teardown()[pri:0, instance:RSA_Training.Tests.ErrorValidationTest@4c371370]" started-at="2024-03-28T12:31:01 IST" name="Teardown" finished-at="2024-03-28T12:31:01 IST" duration-ms="0" status="PASS">
          <reporter-output>
          </reporter-output>
        </test-method> <!-- Teardown -->
        <test-method is-config="true" signature="launchApplication()[pri:0, instance:RSA_Training.Tests.ErrorValidationTest@4c371370]" started-at="2024-03-28T12:31:01 IST" name="launchApplication" finished-at="2024-03-28T12:31:10 IST" duration-ms="9204" status="PASS">
          <reporter-output>
          </reporter-output>
        </test-method> <!-- launchApplication -->
        <test-method signature="ProductErrorValidation()[pri:0, instance:RSA_Training.Tests.ErrorValidationTest@4c371370]" started-at="2024-03-28T12:31:10 IST" name="ProductErrorValidation" finished-at="2024-03-28T12:31:14 IST" duration-ms="4015" status="PASS">
          <reporter-output>
          </reporter-output>
        </test-method> <!-- ProductErrorValidation -->
        <test-method is-config="true" signature="Teardown()[pri:0, instance:RSA_Training.Tests.ErrorValidationTest@4c371370]" started-at="2024-03-28T12:31:14 IST" name="Teardown" finished-at="2024-03-28T12:31:14 IST" duration-ms="0" status="PASS">
          <reporter-output>
          </reporter-output>
        </test-method> <!-- Teardown -->
      </class> <!-- RSA_Training.Tests.ErrorValidationTest -->
    </test> <!-- ErrorValidationTest -->
  </suite> <!-- Suite -->
</testng-results>
