<?xml version="1.0" encoding="UTF-8"?>
<!-- Generated by org.testng.reporters.JUnitXMLReporter -->
<testsuite ignored="0" hostname="DESKTOP-VFA3M3H" failures="0" tests="2" name="ErrorValidationTest" time="12.573" errors="0" timestamp="2024-03-28T11:33:43 IST">
  <testcase classname="RSA_Training.Tests.ErrorValidationTest" name="ErrorValidation" time="0.651"/>
  <testcase classname="RSA_Training.Tests.ErrorValidationTest" name="ProductErrorValidation" time="5.564"/>
</testsuite> <!-- ErrorValidationTest -->
