<?xml version="1.0" encoding="UTF-8"?>
<!-- Generated by org.testng.reporters.JUnitXMLReporter -->
<testsuite ignored="0" hostname="DESKTOP-VFA3M3H" failures="0" tests="2" name="ErrorValidationTest" time="22.453" errors="0" timestamp="2024-03-28T12:31:14 IST">
  <testcase classname="RSA_Training.Tests.ErrorValidationTest" name="ErrorValidation" time="0.631"/>
  <testcase classname="RSA_Training.Tests.ErrorValidationTest" name="ProductErrorValidation" time="4.015"/>
</testsuite> <!-- ErrorValidationTest -->
