<?xml version="1.0" encoding="UTF-8"?>
<testng-results ignored="0" total="1" passed="1" failed="0" skipped="0">
  <reporter-output>
  </reporter-output>
  <suite started-at="2024-04-04T16:51:24 IST" name="Default suite" finished-at="2024-04-04T16:51:24 IST" duration-ms="96">
    <groups>
    </groups>
    <test started-at="2024-04-04T16:51:24 IST" name="Default test" finished-at="2024-04-04T16:51:24 IST" duration-ms="96">
      <class name="ReTest.USguy">
        <test-method signature="Demo()[pri:0, instance:ReTest.USguy@6d4e5011]" started-at="2024-04-04T16:51:24 IST" name="Demo" finished-at="2024-04-04T16:51:24 IST" duration-ms="18" status="PASS">
          <reporter-output>
          </reporter-output>
        </test-method> <!-- Demo -->
      </class> <!-- ReTest.USguy -->
    </test> <!-- Default test -->
  </suite> <!-- Default suite -->
</testng-results>
