<?xml version="1.0" encoding="UTF-8"?>
<testng-results ignored="1" total="9" passed="8" failed="0" skipped="0">
  <reporter-output>
  </reporter-output>
  <suite started-at="2024-03-11T11:02:20 IST" name="Testing1" finished-at="2024-03-11T11:02:20 IST" duration-ms="224">
    <groups>
    </groups>
    <test started-at="2024-03-11T11:02:20 IST" name="Test" finished-at="2024-03-11T11:02:20 IST" duration-ms="104">
      <class name="Test.TestNG2">
        <test-method signature="ABCDemo(java.lang.String,java.lang.String)[pri:0, instance:Test.TestNG2@479d31f3]" started-at="2024-03-11T11:02:20 IST" name="ABCDemo" data-provider="getData" finished-at="2024-03-11T11:02:20 IST" duration-ms="15" status="PASS">
          <params>
            <param index="0">
              <value>
                <![CDATA[Username]]>
              </value>
            </param>
            <param index="1">
              <value>
                <![CDATA[Password]]>
              </value>
            </param>
          </params>
          <reporter-output>
          </reporter-output>
        </test-method> <!-- ABCDemo -->
        <test-method signature="ABCDemo(java.lang.String,java.lang.String)[pri:0, instance:Test.TestNG2@479d31f3]" started-at="2024-03-11T11:02:20 IST" name="ABCDemo" data-provider="getData" finished-at="2024-03-11T11:02:20 IST" duration-ms="3" status="PASS">
          <params>
            <param index="0">
              <value>
                <![CDATA[Omie]]>
              </value>
            </param>
            <param index="1">
              <value>
                <![CDATA[OmieDon]]>
              </value>
            </param>
          </params>
          <reporter-output>
          </reporter-output>
        </test-method> <!-- ABCDemo -->
        <test-method signature="ABCDemo(java.lang.String,java.lang.String)[pri:0, instance:Test.TestNG2@479d31f3]" started-at="2024-03-11T11:02:20 IST" name="ABCDemo" data-provider="getData" finished-at="2024-03-11T11:02:20 IST" duration-ms="2" status="PASS">
          <params>
            <param index="0">
              <value>
                <![CDATA[SUPU]]>
              </value>
            </param>
            <param index="1">
              <value>
                <![CDATA[SUPIDon]]>
              </value>
            </param>
          </params>
          <reporter-output>
          </reporter-output>
        </test-method> <!-- ABCDemo -->
        <test-method signature="Demo()[pri:0, instance:Test.TestNG2@479d31f3]" started-at="2024-03-11T11:02:20 IST" name="Demo" finished-at="2024-03-11T11:02:20 IST" duration-ms="5" status="PASS">
          <reporter-output>
          </reporter-output>
        </test-method> <!-- Demo -->
        <test-method signature="EDemo()[pri:0, instance:Test.TestNG2@479d31f3]" started-at="2024-03-11T11:02:20 IST" name="EDemo" finished-at="2024-03-11T11:02:20 IST" duration-ms="3" status="PASS">
          <reporter-output>
          </reporter-output>
        </test-method> <!-- EDemo -->
        <test-method signature="AA2()[pri:0, instance:Test.TestNG2@479d31f3]" started-at="2024-03-11T11:02:20 IST" name="AA2" finished-at="2024-03-11T11:02:20 IST" depends-on-methods="Test.TestNG2.ABCDemo" duration-ms="2" status="PASS">
          <reporter-output>
          </reporter-output>
        </test-method> <!-- AA2 -->
      </class> <!-- Test.TestNG2 -->
      <class name="Test.TestNG3">
        <test-method signature="Demo()[pri:0, instance:Test.TestNG3@61862a7f]" started-at="2024-03-11T11:02:20 IST" name="Demo" finished-at="2024-03-11T11:02:20 IST" duration-ms="2" status="PASS">
          <reporter-output>
          </reporter-output>
        </test-method> <!-- Demo -->
      </class> <!-- Test.TestNG3 -->
    </test> <!-- Test -->
    <test started-at="2024-03-11T11:02:20 IST" name="Second Module" finished-at="2024-03-11T11:02:20 IST" duration-ms="4">
      <class name="ReTest.TestNG4">
        <test-method signature="Demo(java.lang.String,java.lang.String)[pri:0, instance:ReTest.TestNG4@2b662a77]" started-at="2024-03-11T11:02:20 IST" name="Demo" finished-at="2024-03-11T11:02:20 IST" duration-ms="2" status="PASS">
          <params>
            <param index="0">
              <value>
                <![CDATA[OPtradingAcademy.com]]>
              </value>
            </param>
            <param index="1">
              <value>
                <![CDATA[Fifth]]>
              </value>
            </param>
          </params>
          <reporter-output>
          </reporter-output>
        </test-method> <!-- Demo -->
      </class> <!-- ReTest.TestNG4 -->
    </test> <!-- Second Module -->
  </suite> <!-- Testing1 -->
</testng-results>
