<?xml version="1.0" encoding="UTF-8"?>
<!-- Generated by org.testng.reporters.JUnitXMLReporter -->
<testsuite ignored="1" hostname="DESKTOP-VFA3M3H" failures="0" tests="7" name="Test" time="0.104" errors="0" timestamp="2024-03-11T11:02:20 IST">
  <testcase classname="Test.TestNG2" name="ABCDemo" time="0.015"/>
  <testcase classname="Test.TestNG2" name="ABCDemo" time="0.003"/>
  <testcase classname="Test.TestNG2" name="ABCDemo" time="0.002"/>
  <testcase classname="Test.TestNG2" name="Demo" time="0.005"/>
  <testcase classname="Test.TestNG2" name="EDemo" time="0.003"/>
  <testcase classname="Test.TestNG2" name="AA2" time="0.002"/>
  <testcase classname="Test.TestNG3" name="Demo" time="0.002"/>
  <testcase classname="Test.TestNG2" name="Execution1" time="0.0">
    <ignored/>
  </testcase> <!-- Execution1 -->
</testsuite> <!-- Test -->
